<?xml version="1.0" encoding="UTF-8"?>
<testng-results ignored="0" total="1" passed="1" failed="0" skipped="0">
  <reporter-output>
  </reporter-output>
  <suite started-at="2023-12-19T17:34:13 IST" name="Suite" finished-at="2023-12-19T17:34:36 IST" duration-ms="22861">
    <groups>
    </groups>
    <test started-at="2023-12-19T17:34:13 IST" name="Test" finished-at="2023-12-19T17:34:36 IST" duration-ms="22861">
      <class name="tests.LoginTest">
        <test-method is-config="true" signature="setup()[pri:0, instance:tests.LoginTest@2e222612]" started-at="2023-12-19T17:34:13 IST" name="setup" finished-at="2023-12-19T17:34:20 IST" duration-ms="6886" status="PASS">
          <reporter-output>
          </reporter-output>
        </test-method> <!-- setup -->
        <test-method signature="verifyLogin()[pri:0, instance:tests.LoginTest@2e222612]" started-at="2023-12-19T17:34:20 IST" name="verifyLogin" finished-at="2023-12-19T17:34:29 IST" duration-ms="8828" status="PASS">
          <reporter-output>
          </reporter-output>
        </test-method> <!-- verifyLogin -->
        <test-method is-config="true" signature="teardown()[pri:0, instance:tests.LoginTest@2e222612]" started-at="2023-12-19T17:34:29 IST" name="teardown" finished-at="2023-12-19T17:34:36 IST" duration-ms="7131" status="PASS">
          <reporter-output>
          </reporter-output>
        </test-method> <!-- teardown -->
      </class> <!-- tests.LoginTest -->
    </test> <!-- Test -->
  </suite> <!-- Suite -->
</testng-results>
